2025-02-20T18:01:49.029-03:00  INFO 40210 --- [restartedMain] com.baseapplication.BaseApplication      : Starting BaseApplication using Java 21.0.5 with PID 40210 (/home/vitor/Documentos/dev/projetos/EzBand/EzBand-Backend/target/classes started by vitor in /home/vitor/Documentos/dev/projetos/EzBand/EzBand-Backend)
2025-02-20T18:01:49.030-03:00  INFO 40210 --- [restartedMain] com.baseapplication.BaseApplication      : No active profile set, falling back to 1 default profile: "default"
2025-02-20T18:01:49.168-03:00  INFO 40210 --- [restartedMain] .s.d.r.c.RepositoryConfigurationDelegate : Bootstrapping Spring Data JPA repositories in DEFAULT mode.
2025-02-20T18:01:49.189-03:00  INFO 40210 --- [restartedMain] .s.d.r.c.RepositoryConfigurationDelegate : Finished Spring Data repository scanning in 20 ms. Found 10 JPA repository interfaces.
2025-02-20T18:01:49.279-03:00  INFO 40210 --- [restartedMain] o.s.b.w.embedded.tomcat.TomcatWebServer  : Tomcat initialized with port 8080 (http)
2025-02-20T18:01:49.280-03:00  INFO 40210 --- [restartedMain] o.apache.catalina.core.StandardService   : Starting service [Tomcat]
2025-02-20T18:01:49.280-03:00  INFO 40210 --- [restartedMain] o.apache.catalina.core.StandardEngine    : Starting Servlet engine: [Apache Tomcat/10.1.17]
2025-02-20T18:01:49.287-03:00  INFO 40210 --- [restartedMain] o.a.c.c.C.[Tomcat].[localhost].[/]       : Initializing Spring embedded WebApplicationContext
2025-02-20T18:01:49.288-03:00  INFO 40210 --- [restartedMain] w.s.c.ServletWebServerApplicationContext : Root WebApplicationContext: initialization completed in 256 ms
2025-02-20T18:01:49.320-03:00  INFO 40210 --- [restartedMain] com.zaxxer.hikari.HikariDataSource       : HikariPool-5 - Starting...
2025-02-20T18:01:49.346-03:00  INFO 40210 --- [restartedMain] com.zaxxer.hikari.pool.HikariPool        : HikariPool-5 - Added connection org.postgresql.jdbc.PgConnection@147f816b
2025-02-20T18:01:49.351-03:00  INFO 40210 --- [restartedMain] com.zaxxer.hikari.HikariDataSource       : HikariPool-5 - Start completed.
2025-02-20T18:01:49.359-03:00  INFO 40210 --- [restartedMain] org.flywaydb.core.FlywayExecutor         : Database: jdbc:postgresql://localhost:5432/ezband (PostgreSQL 17.3)
2025-02-20T18:01:49.361-03:00  WARN 40210 --- [restartedMain] o.f.c.internal.database.base.Database    : Flyway upgrade recommended: PostgreSQL 17.3 is newer than this version of Flyway and support has not been tested. The latest supported version of PostgreSQL is 15.
2025-02-20T18:01:49.365-03:00  INFO 40210 --- [restartedMain] o.f.core.internal.command.DbValidate     : Successfully validated 0 migrations (execution time 00:00.002s)
2025-02-20T18:01:49.365-03:00  WARN 40210 --- [restartedMain] o.f.core.internal.command.DbValidate     : No migrations found. Are your locations set up correctly?
2025-02-20T18:01:49.386-03:00  INFO 40210 --- [restartedMain] o.f.core.internal.command.DbMigrate      : Current version of schema "public": << Empty Schema >>
2025-02-20T18:01:49.387-03:00  INFO 40210 --- [restartedMain] o.f.core.internal.command.DbMigrate      : Schema "public" is up to date. No migration necessary.
2025-02-20T18:01:49.407-03:00  INFO 40210 --- [restartedMain] o.hibernate.jpa.internal.util.LogHelper  : HHH000204: Processing PersistenceUnitInfo [name: default]
2025-02-20T18:01:49.409-03:00  INFO 40210 --- [restartedMain] o.h.c.internal.RegionFactoryInitiator    : HHH000026: Second-level cache disabled
2025-02-20T18:01:49.412-03:00  INFO 40210 --- [restartedMain] o.s.o.j.p.SpringPersistenceUnitInfo      : No LoadTimeWeaver setup: ignoring JPA class transformer
2025-02-20T18:01:49.563-03:00  INFO 40210 --- [restartedMain] o.h.e.t.j.p.i.JtaPlatformInitiator       : HHH000489: No JTA platform available (set 'hibernate.transaction.jta.platform' to enable JTA platform integration)
2025-02-20T18:01:49.684-03:00  INFO 40210 --- [restartedMain] j.LocalContainerEntityManagerFactoryBean : Initialized JPA EntityManagerFactory for persistence unit 'default'
2025-02-20T18:01:50.200-03:00  INFO 40210 --- [restartedMain] o.s.s.web.DefaultSecurityFilterChain     : Will secure any request with [org.springframework.security.web.session.DisableEncodeUrlFilter@1dfedcd, org.springframework.security.web.context.request.async.WebAsyncManagerIntegrationFilter@21986388, org.springframework.security.web.context.SecurityContextHolderFilter@71449aa4, org.springframework.security.web.header.HeaderWriterFilter@67020c8, org.springframework.web.filter.CorsFilter@34a66bb7, org.springframework.security.web.authentication.logout.LogoutFilter@5aef4107, com.baseapplication.core.config.SecurityFilter@2e74e31c, org.springframework.security.web.savedrequest.RequestCacheAwareFilter@5b00ec35, org.springframework.security.web.servletapi.SecurityContextHolderAwareRequestFilter@5c71f1fd, org.springframework.security.web.authentication.AnonymousAuthenticationFilter@1db0f216, org.springframework.security.web.session.SessionManagementFilter@3a0d3087, org.springframework.security.web.access.ExceptionTranslationFilter@711b6eaf, org.springframework.security.web.access.intercept.AuthorizationFilter@55ff8815]
2025-02-20T18:01:50.274-03:00  INFO 40210 --- [restartedMain] o.s.b.d.a.OptionalLiveReloadServer       : LiveReload server is running on port 35729
2025-02-20T18:01:50.288-03:00  INFO 40210 --- [restartedMain] o.s.b.w.embedded.tomcat.TomcatWebServer  : Tomcat started on port 8080 (http) with context path ''
2025-02-20T18:01:50.291-03:00  INFO 40210 --- [restartedMain] com.baseapplication.BaseApplication      : Started BaseApplication in 1.281 seconds (process running for 106.459)
2025-02-20T18:01:50.293-03:00  INFO 40210 --- [restartedMain] .ConditionEvaluationDeltaLoggingListener : Condition evaluation unchanged
2025-02-20T18:01:56.728-03:00  INFO 40210 --- [File Watcher] rtingClassPathChangeChangedEventListener : Restarting due to 1 class path change (0 additions, 0 deletions, 1 modification)
2025-02-20T18:01:56.735-03:00  INFO 40210 --- [Thread-25] j.LocalContainerEntityManagerFactoryBean : Closing JPA EntityManagerFactory for persistence unit 'default'
2025-02-20T18:01:56.735-03:00  INFO 40210 --- [Thread-25] com.zaxxer.hikari.HikariDataSource       : HikariPool-5 - Shutdown initiated...
2025-02-20T18:01:56.737-03:00  INFO 40210 --- [Thread-25] com.zaxxer.hikari.HikariDataSource       : HikariPool-5 - Shutdown completed.
2025-02-20T18:01:56.824-03:00  INFO 40210 --- [restartedMain] com.baseapplication.BaseApplication      : Starting BaseApplication using Java 21.0.5 with PID 40210 (/home/vitor/Documentos/dev/projetos/EzBand/EzBand-Backend/target/classes started by vitor in /home/vitor/Documentos/dev/projetos/EzBand/EzBand-Backend)
2025-02-20T18:01:56.824-03:00  INFO 40210 --- [restartedMain] com.baseapplication.BaseApplication      : No active profile set, falling back to 1 default profile: "default"
2025-02-20T18:01:56.958-03:00  INFO 40210 --- [restartedMain] .s.d.r.c.RepositoryConfigurationDelegate : Bootstrapping Spring Data JPA repositories in DEFAULT mode.
2025-02-20T18:01:56.977-03:00  INFO 40210 --- [restartedMain] .s.d.r.c.RepositoryConfigurationDelegate : Finished Spring Data repository scanning in 19 ms. Found 10 JPA repository interfaces.
2025-02-20T18:01:57.063-03:00  INFO 40210 --- [restartedMain] o.s.b.w.embedded.tomcat.TomcatWebServer  : Tomcat initialized with port 8080 (http)
2025-02-20T18:01:57.064-03:00  INFO 40210 --- [restartedMain] o.apache.catalina.core.StandardService   : Starting service [Tomcat]
2025-02-20T18:01:57.064-03:00  INFO 40210 --- [restartedMain] o.apache.catalina.core.StandardEngine    : Starting Servlet engine: [Apache Tomcat/10.1.17]
2025-02-20T18:01:57.071-03:00  INFO 40210 --- [restartedMain] o.a.c.c.C.[Tomcat].[localhost].[/]       : Initializing Spring embedded WebApplicationContext
2025-02-20T18:01:57.071-03:00  INFO 40210 --- [restartedMain] w.s.c.ServletWebServerApplicationContext : Root WebApplicationContext: initialization completed in 246 ms
2025-02-20T18:01:57.102-03:00  INFO 40210 --- [restartedMain] com.zaxxer.hikari.HikariDataSource       : HikariPool-6 - Starting...
2025-02-20T18:01:57.122-03:00  INFO 40210 --- [restartedMain] com.zaxxer.hikari.pool.HikariPool        : HikariPool-6 - Added connection org.postgresql.jdbc.PgConnection@40d00468
2025-02-20T18:01:57.122-03:00  INFO 40210 --- [restartedMain] com.zaxxer.hikari.HikariDataSource       : HikariPool-6 - Start completed.
2025-02-20T18:01:57.134-03:00  INFO 40210 --- [restartedMain] org.flywaydb.core.FlywayExecutor         : Database: jdbc:postgresql://localhost:5432/ezband (PostgreSQL 17.3)
2025-02-20T18:01:57.137-03:00  WARN 40210 --- [restartedMain] o.f.c.internal.database.base.Database    : Flyway upgrade recommended: PostgreSQL 17.3 is newer than this version of Flyway and support has not been tested. The latest supported version of PostgreSQL is 15.
2025-02-20T18:01:57.142-03:00  INFO 40210 --- [restartedMain] o.f.core.internal.command.DbValidate     : Successfully validated 0 migrations (execution time 00:00.002s)
2025-02-20T18:01:57.143-03:00  WARN 40210 --- [restartedMain] o.f.core.internal.command.DbValidate     : No migrations found. Are your locations set up correctly?
2025-02-20T18:01:57.163-03:00  INFO 40210 --- [restartedMain] o.f.core.internal.command.DbMigrate      : Current version of schema "public": << Empty Schema >>
2025-02-20T18:01:57.163-03:00  INFO 40210 --- [restartedMain] o.f.core.internal.command.DbMigrate      : Schema "public" is up to date. No migration necessary.
2025-02-20T18:01:57.186-03:00  INFO 40210 --- [restartedMain] o.hibernate.jpa.internal.util.LogHelper  : HHH000204: Processing PersistenceUnitInfo [name: default]
2025-02-20T18:01:57.188-03:00  INFO 40210 --- [restartedMain] o.h.c.internal.RegionFactoryInitiator    : HHH000026: Second-level cache disabled
2025-02-20T18:01:57.190-03:00  INFO 40210 --- [restartedMain] o.s.o.j.p.SpringPersistenceUnitInfo      : No LoadTimeWeaver setup: ignoring JPA class transformer
2025-02-20T18:01:57.351-03:00  INFO 40210 --- [restartedMain] o.h.e.t.j.p.i.JtaPlatformInitiator       : HHH000489: No JTA platform available (set 'hibernate.transaction.jta.platform' to enable JTA platform integration)
2025-02-20T18:01:57.478-03:00  INFO 40210 --- [restartedMain] j.LocalContainerEntityManagerFactoryBean : Initialized JPA EntityManagerFactory for persistence unit 'default'
2025-02-20T18:01:58.823-03:00  INFO 40210 --- [restartedMain] o.s.s.web.DefaultSecurityFilterChain     : Will secure any request with [org.springframework.security.web.session.DisableEncodeUrlFilter@1a7e12d3, org.springframework.security.web.context.request.async.WebAsyncManagerIntegrationFilter@27ee2ab0, org.springframework.security.web.context.SecurityContextHolderFilter@7430720e, org.springframework.security.web.header.HeaderWriterFilter@7a967417, org.springframework.web.filter.CorsFilter@4ae54347, org.springframework.security.web.authentication.logout.LogoutFilter@5b1cc63a, com.baseapplication.core.config.SecurityFilter@18a9bcad, org.springframework.security.web.savedrequest.RequestCacheAwareFilter@4c51ce36, org.springframework.security.web.servletapi.SecurityContextHolderAwareRequestFilter@52e3d67, org.springframework.security.web.authentication.AnonymousAuthenticationFilter@5d3f3777, org.springframework.security.web.session.SessionManagementFilter@728b68fd, org.springframework.security.web.access.ExceptionTranslationFilter@22434355, org.springframework.security.web.access.intercept.AuthorizationFilter@6d4f404c]
2025-02-20T18:01:58.896-03:00  INFO 40210 --- [restartedMain] o.s.b.d.a.OptionalLiveReloadServer       : LiveReload server is running on port 35729
2025-02-20T18:01:58.910-03:00  INFO 40210 --- [restartedMain] o.s.b.w.embedded.tomcat.TomcatWebServer  : Tomcat started on port 8080 (http) with context path ''
2025-02-20T18:01:58.914-03:00  INFO 40210 --- [restartedMain] com.baseapplication.BaseApplication      : Started BaseApplication in 2.104 seconds (process running for 115.082)
2025-02-20T18:01:58.915-03:00  INFO 40210 --- [restartedMain] .ConditionEvaluationDeltaLoggingListener : Condition evaluation unchanged
2025-02-20T18:02:00.307-03:00  INFO 40210 --- [File Watcher] rtingClassPathChangeChangedEventListener : Restarting due to 1 class path change (0 additions, 0 deletions, 1 modification)
2025-02-20T18:02:00.313-03:00  INFO 40210 --- [Thread-30] j.LocalContainerEntityManagerFactoryBean : Closing JPA EntityManagerFactory for persistence unit 'default'
2025-02-20T18:02:00.313-03:00  INFO 40210 --- [Thread-30] com.zaxxer.hikari.HikariDataSource       : HikariPool-6 - Shutdown initiated...
2025-02-20T18:02:00.318-03:00  INFO 40210 --- [Thread-30] com.zaxxer.hikari.HikariDataSource       : HikariPool-6 - Shutdown completed.
2025-02-20T18:02:00.395-03:00  INFO 40210 --- [restartedMain] com.baseapplication.BaseApplication      : Starting BaseApplication using Java 21.0.5 with PID 40210 (/home/vitor/Documentos/dev/projetos/EzBand/EzBand-Backend/target/classes started by vitor in /home/vitor/Documentos/dev/projetos/EzBand/EzBand-Backend)
2025-02-20T18:02:00.396-03:00  INFO 40210 --- [restartedMain] com.baseapplication.BaseApplication      : No active profile set, falling back to 1 default profile: "default"
2025-02-20T18:02:00.535-03:00  INFO 40210 --- [restartedMain] .s.d.r.c.RepositoryConfigurationDelegate : Bootstrapping Spring Data JPA repositories in DEFAULT mode.
2025-02-20T18:02:00.553-03:00  INFO 40210 --- [restartedMain] .s.d.r.c.RepositoryConfigurationDelegate : Finished Spring Data repository scanning in 17 ms. Found 10 JPA repository interfaces.
2025-02-20T18:02:00.634-03:00  INFO 40210 --- [restartedMain] o.s.b.w.embedded.tomcat.TomcatWebServer  : Tomcat initialized with port 8080 (http)
2025-02-20T18:02:00.634-03:00  INFO 40210 --- [restartedMain] o.apache.catalina.core.StandardService   : Starting service [Tomcat]
2025-02-20T18:02:00.634-03:00  INFO 40210 --- [restartedMain] o.apache.catalina.core.StandardEngine    : Starting Servlet engine: [Apache Tomcat/10.1.17]
2025-02-20T18:02:00.641-03:00  INFO 40210 --- [restartedMain] o.a.c.c.C.[Tomcat].[localhost].[/]       : Initializing Spring embedded WebApplicationContext
2025-02-20T18:02:00.641-03:00  INFO 40210 --- [restartedMain] w.s.c.ServletWebServerApplicationContext : Root WebApplicationContext: initialization completed in 244 ms
2025-02-20T18:02:00.671-03:00  INFO 40210 --- [restartedMain] com.zaxxer.hikari.HikariDataSource       : HikariPool-7 - Starting...
2025-02-20T18:02:00.687-03:00  INFO 40210 --- [restartedMain] com.zaxxer.hikari.pool.HikariPool        : HikariPool-7 - Added connection org.postgresql.jdbc.PgConnection@4c9909cc
2025-02-20T18:02:00.688-03:00  INFO 40210 --- [restartedMain] com.zaxxer.hikari.HikariDataSource       : HikariPool-7 - Start completed.
2025-02-20T18:02:00.693-03:00  INFO 40210 --- [restartedMain] org.flywaydb.core.FlywayExecutor         : Database: jdbc:postgresql://localhost:5432/ezband (PostgreSQL 17.3)
2025-02-20T18:02:00.695-03:00  WARN 40210 --- [restartedMain] o.f.c.internal.database.base.Database    : Flyway upgrade recommended: PostgreSQL 17.3 is newer than this version of Flyway and support has not been tested. The latest supported version of PostgreSQL is 15.
2025-02-20T18:02:00.706-03:00  INFO 40210 --- [restartedMain] o.f.core.internal.command.DbValidate     : Successfully validated 0 migrations (execution time 00:00.004s)
2025-02-20T18:02:00.706-03:00  WARN 40210 --- [restartedMain] o.f.core.internal.command.DbValidate     : No migrations found. Are your locations set up correctly?
2025-02-20T18:02:00.726-03:00  INFO 40210 --- [restartedMain] o.f.core.internal.command.DbMigrate      : Current version of schema "public": << Empty Schema >>
2025-02-20T18:02:00.726-03:00  INFO 40210 --- [restartedMain] o.f.core.internal.command.DbMigrate      : Schema "public" is up to date. No migration necessary.
2025-02-20T18:02:00.747-03:00  INFO 40210 --- [restartedMain] o.hibernate.jpa.internal.util.LogHelper  : HHH000204: Processing PersistenceUnitInfo [name: default]
2025-02-20T18:02:00.749-03:00  INFO 40210 --- [restartedMain] o.h.c.internal.RegionFactoryInitiator    : HHH000026: Second-level cache disabled
2025-02-20T18:02:00.752-03:00  INFO 40210 --- [restartedMain] o.s.o.j.p.SpringPersistenceUnitInfo      : No LoadTimeWeaver setup: ignoring JPA class transformer
2025-02-20T18:02:00.897-03:00  INFO 40210 --- [restartedMain] o.h.e.t.j.p.i.JtaPlatformInitiator       : HHH000489: No JTA platform available (set 'hibernate.transaction.jta.platform' to enable JTA platform integration)
2025-02-20T18:02:01.020-03:00  INFO 40210 --- [restartedMain] j.LocalContainerEntityManagerFactoryBean : Initialized JPA EntityManagerFactory for persistence unit 'default'
2025-02-20T18:02:01.694-03:00  INFO 40210 --- [restartedMain] o.s.s.web.DefaultSecurityFilterChain     : Will secure any request with [org.springframework.security.web.session.DisableEncodeUrlFilter@35b00c1d, org.springframework.security.web.context.request.async.WebAsyncManagerIntegrationFilter@cf9634b, org.springframework.security.web.context.SecurityContextHolderFilter@23579412, org.springframework.security.web.header.HeaderWriterFilter@5e7da3c9, org.springframework.web.filter.CorsFilter@2471070a, org.springframework.security.web.authentication.logout.LogoutFilter@637b5179, com.baseapplication.core.config.SecurityFilter@af2b816, org.springframework.security.web.savedrequest.RequestCacheAwareFilter@709fe471, org.springframework.security.web.servletapi.SecurityContextHolderAwareRequestFilter@434f7240, org.springframework.security.web.authentication.AnonymousAuthenticationFilter@191c6c0b, org.springframework.security.web.session.SessionManagementFilter@1ec424e0, org.springframework.security.web.access.ExceptionTranslationFilter@51e05f66, org.springframework.security.web.access.intercept.AuthorizationFilter@542d2fa0]
2025-02-20T18:02:01.762-03:00  INFO 40210 --- [restartedMain] o.s.b.d.a.OptionalLiveReloadServer       : LiveReload server is running on port 35729
2025-02-20T18:02:01.776-03:00  INFO 40210 --- [restartedMain] o.s.b.w.embedded.tomcat.TomcatWebServer  : Tomcat started on port 8080 (http) with context path ''
2025-02-20T18:02:01.779-03:00  INFO 40210 --- [restartedMain] com.baseapplication.BaseApplication      : Started BaseApplication in 1.397 seconds (process running for 117.947)
2025-02-20T18:02:01.781-03:00  INFO 40210 --- [restartedMain] .ConditionEvaluationDeltaLoggingListener : Condition evaluation unchanged
2025-02-20T18:02:33.643-03:00  INFO 40210 --- [http-nio-8080-exec-1] o.a.c.c.C.[Tomcat].[localhost].[/]       : Initializing Spring DispatcherServlet 'dispatcherServlet'
2025-02-20T18:02:33.643-03:00  INFO 40210 --- [http-nio-8080-exec-1] o.s.web.servlet.DispatcherServlet        : Initializing Servlet 'dispatcherServlet'
2025-02-20T18:02:33.644-03:00  INFO 40210 --- [http-nio-8080-exec-1] o.s.web.servlet.DispatcherServlet        : Completed initialization in 1 ms
2025-02-20T18:02:33.854-03:00 ERROR 40210 --- [http-nio-8080-exec-1] c.b.c.exception.GlobalExceptionHandler   : Erro: 

java.lang.IllegalArgumentException: Target must not be null
	at org.springframework.util.Assert.notNull(Assert.java:172) ~[spring-core-6.1.2.jar:6.1.2]
	at org.springframework.beans.BeanUtils.copyProperties(BeanUtils.java:779) ~[spring-beans-6.1.2.jar:6.1.2]
	at org.springframework.beans.BeanUtils.copyProperties(BeanUtils.java:715) ~[spring-beans-6.1.2.jar:6.1.2]
	at com.baseapplication.core.service.impl.UsuarioServiceImpl.atualizarInformacoesPerfil(UsuarioServiceImpl.java:123) ~[classes/:na]
	at com.baseapplication.core.controller.UsuarioController.atualizarInformacoesPerfil(UsuarioController.java:44) ~[classes/:na]
	at java.base/jdk.internal.reflect.DirectMethodHandleAccessor.invoke(DirectMethodHandleAccessor.java:103) ~[na:na]
	at java.base/java.lang.reflect.Method.invoke(Method.java:580) ~[na:na]
	at org.springframework.web.method.support.InvocableHandlerMethod.doInvoke(InvocableHandlerMethod.java:262) ~[spring-web-6.1.2.jar:6.1.2]
	at org.springframework.web.method.support.InvocableHandlerMethod.invokeForRequest(InvocableHandlerMethod.java:190) ~[spring-web-6.1.2.jar:6.1.2]
	at org.springframework.web.servlet.mvc.method.annotation.ServletInvocableHandlerMethod.invokeAndHandle(ServletInvocableHandlerMethod.java:118) ~[spring-webmvc-6.1.2.jar:6.1.2]
	at org.springframework.web.servlet.mvc.method.annotation.RequestMappingHandlerAdapter.invokeHandlerMethod(RequestMappingHandlerAdapter.java:917) ~[spring-webmvc-6.1.2.jar:6.1.2]
	at org.springframework.web.servlet.mvc.method.annotation.RequestMappingHandlerAdapter.handleInternal(RequestMappingHandlerAdapter.java:829) ~[spring-webmvc-6.1.2.jar:6.1.2]
	at org.springframework.web.servlet.mvc.method.AbstractHandlerMethodAdapter.handle(AbstractHandlerMethodAdapter.java:87) ~[spring-webmvc-6.1.2.jar:6.1.2]
	at org.springframework.web.servlet.DispatcherServlet.doDispatch(DispatcherServlet.java:1089) ~[spring-webmvc-6.1.2.jar:6.1.2]
	at org.springframework.web.servlet.DispatcherServlet.doService(DispatcherServlet.java:979) ~[spring-webmvc-6.1.2.jar:6.1.2]
	at org.springframework.web.servlet.FrameworkServlet.processRequest(FrameworkServlet.java:1014) ~[spring-webmvc-6.1.2.jar:6.1.2]
	at org.springframework.web.servlet.FrameworkServlet.doPost(FrameworkServlet.java:914) ~[spring-webmvc-6.1.2.jar:6.1.2]
	at jakarta.servlet.http.HttpServlet.service(HttpServlet.java:590) ~[tomcat-embed-core-10.1.17.jar:6.0]
	at org.springframework.web.servlet.FrameworkServlet.service(FrameworkServlet.java:885) ~[spring-webmvc-6.1.2.jar:6.1.2]
	at jakarta.servlet.http.HttpServlet.service(HttpServlet.java:658) ~[tomcat-embed-core-10.1.17.jar:6.0]
	at org.apache.catalina.core.ApplicationFilterChain.internalDoFilter(ApplicationFilterChain.java:205) ~[tomcat-embed-core-10.1.17.jar:10.1.17]
	at org.apache.catalina.core.ApplicationFilterChain.doFilter(ApplicationFilterChain.java:149) ~[tomcat-embed-core-10.1.17.jar:10.1.17]
	at org.apache.tomcat.websocket.server.WsFilter.doFilter(WsFilter.java:51) ~[tomcat-embed-websocket-10.1.17.jar:10.1.17]
	at org.apache.catalina.core.ApplicationFilterChain.internalDoFilter(ApplicationFilterChain.java:174) ~[tomcat-embed-core-10.1.17.jar:10.1.17]
	at org.apache.catalina.core.ApplicationFilterChain.doFilter(ApplicationFilterChain.java:149) ~[tomcat-embed-core-10.1.17.jar:10.1.17]
	at org.springframework.web.filter.OncePerRequestFilter.doFilter(OncePerRequestFilter.java:110) ~[spring-web-6.1.2.jar:6.1.2]
	at org.apache.catalina.core.ApplicationFilterChain.internalDoFilter(ApplicationFilterChain.java:174) ~[tomcat-embed-core-10.1.17.jar:10.1.17]
	at org.apache.catalina.core.ApplicationFilterChain.doFilter(ApplicationFilterChain.java:149) ~[tomcat-embed-core-10.1.17.jar:10.1.17]
	at org.springframework.web.filter.CompositeFilter$VirtualFilterChain.doFilter(CompositeFilter.java:108) ~[spring-web-6.1.2.jar:6.1.2]
	at org.springframework.security.web.FilterChainProxy.lambda$doFilterInternal$3(FilterChainProxy.java:231) ~[spring-security-web-6.2.1.jar:6.2.1]
	at org.springframework.security.web.FilterChainProxy$VirtualFilterChain.doFilter(FilterChainProxy.java:365) ~[spring-security-web-6.2.1.jar:6.2.1]
	at org.springframework.security.web.access.intercept.AuthorizationFilter.doFilter(AuthorizationFilter.java:100) ~[spring-security-web-6.2.1.jar:6.2.1]
	at org.springframework.security.web.FilterChainProxy$VirtualFilterChain.doFilter(FilterChainProxy.java:374) ~[spring-security-web-6.2.1.jar:6.2.1]
	at org.springframework.security.web.access.ExceptionTranslationFilter.doFilter(ExceptionTranslationFilter.java:126) ~[spring-security-web-6.2.1.jar:6.2.1]
	at org.springframework.security.web.access.ExceptionTranslationFilter.doFilter(ExceptionTranslationFilter.java:120) ~[spring-security-web-6.2.1.jar:6.2.1]
	at org.springframework.security.web.FilterChainProxy$VirtualFilterChain.doFilter(FilterChainProxy.java:374) ~[spring-security-web-6.2.1.jar:6.2.1]
	at org.springframework.security.web.session.SessionManagementFilter.doFilter(SessionManagementFilter.java:131) ~[spring-security-web-6.2.1.jar:6.2.1]
	at org.springframework.security.web.session.SessionManagementFilter.doFilter(SessionManagementFilter.java:85) ~[spring-security-web-6.2.1.jar:6.2.1]
	at org.springframework.security.web.FilterChainProxy$VirtualFilterChain.doFilter(FilterChainProxy.java:374) ~[spring-security-web-6.2.1.jar:6.2.1]
	at org.springframework.security.web.authentication.AnonymousAuthenticationFilter.doFilter(AnonymousAuthenticationFilter.java:100) ~[spring-security-web-6.2.1.jar:6.2.1]
	at org.springframework.security.web.FilterChainProxy$VirtualFilterChain.doFilter(FilterChainProxy.java:374) ~[spring-security-web-6.2.1.jar:6.2.1]
	at org.springframework.security.web.servletapi.SecurityContextHolderAwareRequestFilter.doFilter(SecurityContextHolderAwareRequestFilter.java:179) ~[spring-security-web-6.2.1.jar:6.2.1]
	at org.springframework.security.web.FilterChainProxy$VirtualFilterChain.doFilter(FilterChainProxy.java:374) ~[spring-security-web-6.2.1.jar:6.2.1]
	at org.springframework.security.web.savedrequest.RequestCacheAwareFilter.doFilter(RequestCacheAwareFilter.java:63) ~[spring-security-web-6.2.1.jar:6.2.1]
	at org.springframework.security.web.FilterChainProxy$VirtualFilterChain.doFilter(FilterChainProxy.java:374) ~[spring-security-web-6.2.1.jar:6.2.1]
	at com.baseapplication.core.config.SecurityFilter.doFilterInternal(SecurityFilter.java:40) ~[classes/:na]
	at org.springframework.web.filter.OncePerRequestFilter.doFilter(OncePerRequestFilter.java:116) ~[spring-web-6.1.2.jar:6.1.2]
	at org.springframework.security.web.FilterChainProxy$VirtualFilterChain.doFilter(FilterChainProxy.java:374) ~[spring-security-web-6.2.1.jar:6.2.1]
	at org.springframework.security.web.authentication.logout.LogoutFilter.doFilter(LogoutFilter.java:107) ~[spring-security-web-6.2.1.jar:6.2.1]
	at org.springframework.security.web.authentication.logout.LogoutFilter.doFilter(LogoutFilter.java:93) ~[spring-security-web-6.2.1.jar:6.2.1]
	at org.springframework.security.web.FilterChainProxy$VirtualFilterChain.doFilter(FilterChainProxy.java:374) ~[spring-security-web-6.2.1.jar:6.2.1]
	at org.springframework.web.filter.CorsFilter.doFilterInternal(CorsFilter.java:91) ~[spring-web-6.1.2.jar:6.1.2]
	at org.springframework.web.filter.OncePerRequestFilter.doFilter(OncePerRequestFilter.java:116) ~[spring-web-6.1.2.jar:6.1.2]
	at org.springframework.security.web.FilterChainProxy$VirtualFilterChain.doFilter(FilterChainProxy.java:374) ~[spring-security-web-6.2.1.jar:6.2.1]
	at org.springframework.security.web.header.HeaderWriterFilter.doHeadersAfter(HeaderWriterFilter.java:90) ~[spring-security-web-6.2.1.jar:6.2.1]
	at org.springframework.security.web.header.HeaderWriterFilter.doFilterInternal(HeaderWriterFilter.java:75) ~[spring-security-web-6.2.1.jar:6.2.1]
	at org.springframework.web.filter.OncePerRequestFilter.doFilter(OncePerRequestFilter.java:116) ~[spring-web-6.1.2.jar:6.1.2]
	at org.springframework.security.web.FilterChainProxy$VirtualFilterChain.doFilter(FilterChainProxy.java:374) ~[spring-security-web-6.2.1.jar:6.2.1]
	at org.springframework.security.web.context.SecurityContextHolderFilter.doFilter(SecurityContextHolderFilter.java:82) ~[spring-security-web-6.2.1.jar:6.2.1]
	at org.springframework.security.web.context.SecurityContextHolderFilter.doFilter(SecurityContextHolderFilter.java:69) ~[spring-security-web-6.2.1.jar:6.2.1]
	at org.springframework.security.web.FilterChainProxy$VirtualFilterChain.doFilter(FilterChainProxy.java:374) ~[spring-security-web-6.2.1.jar:6.2.1]
	at org.springframework.security.web.context.request.async.WebAsyncManagerIntegrationFilter.doFilterInternal(WebAsyncManagerIntegrationFilter.java:62) ~[spring-security-web-6.2.1.jar:6.2.1]
	at org.springframework.web.filter.OncePerRequestFilter.doFilter(OncePerRequestFilter.java:116) ~[spring-web-6.1.2.jar:6.1.2]
	at org.springframework.security.web.FilterChainProxy$VirtualFilterChain.doFilter(FilterChainProxy.java:374) ~[spring-security-web-6.2.1.jar:6.2.1]
	at org.springframework.security.web.session.DisableEncodeUrlFilter.doFilterInternal(DisableEncodeUrlFilter.java:42) ~[spring-security-web-6.2.1.jar:6.2.1]
	at org.springframework.web.filter.OncePerRequestFilter.doFilter(OncePerRequestFilter.java:116) ~[spring-web-6.1.2.jar:6.1.2]
	at org.springframework.security.web.FilterChainProxy$VirtualFilterChain.doFilter(FilterChainProxy.java:374) ~[spring-security-web-6.2.1.jar:6.2.1]
	at org.springframework.security.web.FilterChainProxy.doFilterInternal(FilterChainProxy.java:233) ~[spring-security-web-6.2.1.jar:6.2.1]
	at org.springframework.security.web.FilterChainProxy.doFilter(FilterChainProxy.java:191) ~[spring-security-web-6.2.1.jar:6.2.1]
	at org.springframework.web.filter.CompositeFilter$VirtualFilterChain.doFilter(CompositeFilter.java:113) ~[spring-web-6.1.2.jar:6.1.2]
	at org.springframework.web.servlet.handler.HandlerMappingIntrospector.lambda$createCacheFilter$3(HandlerMappingIntrospector.java:195) ~[spring-webmvc-6.1.2.jar:6.1.2]
	at org.springframework.web.filter.CompositeFilter$VirtualFilterChain.doFilter(CompositeFilter.java:113) ~[spring-web-6.1.2.jar:6.1.2]
	at org.springframework.web.filter.CompositeFilter.doFilter(CompositeFilter.java:74) ~[spring-web-6.1.2.jar:6.1.2]
	at org.springframework.security.config.annotation.web.configuration.WebMvcSecurityConfiguration$CompositeFilterChainProxy.doFilter(WebMvcSecurityConfiguration.java:225) ~[spring-security-config-6.2.1.jar:6.2.1]
	at org.springframework.web.filter.DelegatingFilterProxy.invokeDelegate(DelegatingFilterProxy.java:352) ~[spring-web-6.1.2.jar:6.1.2]
	at org.springframework.web.filter.DelegatingFilterProxy.doFilter(DelegatingFilterProxy.java:268) ~[spring-web-6.1.2.jar:6.1.2]
	at org.apache.catalina.core.ApplicationFilterChain.internalDoFilter(ApplicationFilterChain.java:174) ~[tomcat-embed-core-10.1.17.jar:10.1.17]
	at org.apache.catalina.core.ApplicationFilterChain.doFilter(ApplicationFilterChain.java:149) ~[tomcat-embed-core-10.1.17.jar:10.1.17]
	at org.springframework.session.web.http.SessionRepositoryFilter.doFilterInternal(SessionRepositoryFilter.java:142) ~[spring-session-core-3.2.1.jar:3.2.1]
	at org.springframework.session.web.http.OncePerRequestFilter.doFilter(OncePerRequestFilter.java:82) ~[spring-session-core-3.2.1.jar:3.2.1]
	at org.springframework.web.filter.DelegatingFilterProxy.invokeDelegate(DelegatingFilterProxy.java:352) ~[spring-web-6.1.2.jar:6.1.2]
	at org.springframework.web.filter.DelegatingFilterProxy.doFilter(DelegatingFilterProxy.java:268) ~[spring-web-6.1.2.jar:6.1.2]
	at org.apache.catalina.core.ApplicationFilterChain.internalDoFilter(ApplicationFilterChain.java:174) ~[tomcat-embed-core-10.1.17.jar:10.1.17]
	at org.apache.catalina.core.ApplicationFilterChain.doFilter(ApplicationFilterChain.java:149) ~[tomcat-embed-core-10.1.17.jar:10.1.17]
	at org.springframework.web.filter.CharacterEncodingFilter.doFilterInternal(CharacterEncodingFilter.java:201) ~[spring-web-6.1.2.jar:6.1.2]
	at org.springframework.web.filter.OncePerRequestFilter.doFilter(OncePerRequestFilter.java:116) ~[spring-web-6.1.2.jar:6.1.2]
	at org.apache.catalina.core.ApplicationFilterChain.internalDoFilter(ApplicationFilterChain.java:174) ~[tomcat-embed-core-10.1.17.jar:10.1.17]
	at org.apache.catalina.core.ApplicationFilterChain.doFilter(ApplicationFilterChain.java:149) ~[tomcat-embed-core-10.1.17.jar:10.1.17]
	at org.apache.catalina.core.StandardWrapperValve.invoke(StandardWrapperValve.java:167) ~[tomcat-embed-core-10.1.17.jar:10.1.17]
	at org.apache.catalina.core.StandardContextValve.invoke(StandardContextValve.java:90) ~[tomcat-embed-core-10.1.17.jar:10.1.17]
	at org.apache.catalina.authenticator.AuthenticatorBase.invoke(AuthenticatorBase.java:482) ~[tomcat-embed-core-10.1.17.jar:10.1.17]
	at org.apache.catalina.core.StandardHostValve.invoke(StandardHostValve.java:115) ~[tomcat-embed-core-10.1.17.jar:10.1.17]
	at org.apache.catalina.valves.ErrorReportValve.invoke(ErrorReportValve.java:93) ~[tomcat-embed-core-10.1.17.jar:10.1.17]
	at org.apache.catalina.core.StandardEngineValve.invoke(StandardEngineValve.java:74) ~[tomcat-embed-core-10.1.17.jar:10.1.17]
	at org.apache.catalina.connector.CoyoteAdapter.service(CoyoteAdapter.java:340) ~[tomcat-embed-core-10.1.17.jar:10.1.17]
	at org.apache.coyote.http11.Http11Processor.service(Http11Processor.java:391) ~[tomcat-embed-core-10.1.17.jar:10.1.17]
	at org.apache.coyote.AbstractProcessorLight.process(AbstractProcessorLight.java:63) ~[tomcat-embed-core-10.1.17.jar:10.1.17]
	at org.apache.coyote.AbstractProtocol$ConnectionHandler.process(AbstractProtocol.java:896) ~[tomcat-embed-core-10.1.17.jar:10.1.17]
	at org.apache.tomcat.util.net.NioEndpoint$SocketProcessor.doRun(NioEndpoint.java:1744) ~[tomcat-embed-core-10.1.17.jar:10.1.17]
	at org.apache.tomcat.util.net.SocketProcessorBase.run(SocketProcessorBase.java:52) ~[tomcat-embed-core-10.1.17.jar:10.1.17]
	at org.apache.tomcat.util.threads.ThreadPoolExecutor.runWorker(ThreadPoolExecutor.java:1191) ~[tomcat-embed-core-10.1.17.jar:10.1.17]
	at org.apache.tomcat.util.threads.ThreadPoolExecutor$Worker.run(ThreadPoolExecutor.java:659) ~[tomcat-embed-core-10.1.17.jar:10.1.17]
	at org.apache.tomcat.util.threads.TaskThread$WrappingRunnable.run(TaskThread.java:61) ~[tomcat-embed-core-10.1.17.jar:10.1.17]
	at java.base/java.lang.Thread.run(Thread.java:1583) ~[na:na]

2025-02-20T18:03:52.039-03:00  INFO 40210 --- [File Watcher] rtingClassPathChangeChangedEventListener : Restarting due to 1 class path change (0 additions, 0 deletions, 1 modification)
2025-02-20T18:03:52.045-03:00  INFO 40210 --- [Thread-35] j.LocalContainerEntityManagerFactoryBean : Closing JPA EntityManagerFactory for persistence unit 'default'
2025-02-20T18:03:52.046-03:00  INFO 40210 --- [Thread-35] com.zaxxer.hikari.HikariDataSource       : HikariPool-7 - Shutdown initiated...
2025-02-20T18:03:52.049-03:00  INFO 40210 --- [Thread-35] com.zaxxer.hikari.HikariDataSource       : HikariPool-7 - Shutdown completed.
2025-02-20T18:03:52.144-03:00  INFO 40210 --- [restartedMain] com.baseapplication.BaseApplication      : Starting BaseApplication using Java 21.0.5 with PID 40210 (/home/vitor/Documentos/dev/projetos/EzBand/EzBand-Backend/target/classes started by vitor in /home/vitor/Documentos/dev/projetos/EzBand/EzBand-Backend)
2025-02-20T18:03:52.145-03:00  INFO 40210 --- [restartedMain] com.baseapplication.BaseApplication      : No active profile set, falling back to 1 default profile: "default"
2025-02-20T18:03:52.294-03:00  INFO 40210 --- [restartedMain] .s.d.r.c.RepositoryConfigurationDelegate : Bootstrapping Spring Data JPA repositories in DEFAULT mode.
2025-02-20T18:03:52.315-03:00  INFO 40210 --- [restartedMain] .s.d.r.c.RepositoryConfigurationDelegate : Finished Spring Data repository scanning in 20 ms. Found 10 JPA repository interfaces.
2025-02-20T18:03:52.410-03:00  INFO 40210 --- [restartedMain] o.s.b.w.embedded.tomcat.TomcatWebServer  : Tomcat initialized with port 8080 (http)
2025-02-20T18:03:52.411-03:00  INFO 40210 --- [restartedMain] o.apache.catalina.core.StandardService   : Starting service [Tomcat]
2025-02-20T18:03:52.411-03:00  INFO 40210 --- [restartedMain] o.apache.catalina.core.StandardEngine    : Starting Servlet engine: [Apache Tomcat/10.1.17]
2025-02-20T18:03:52.419-03:00  INFO 40210 --- [restartedMain] o.a.c.c.C.[Tomcat].[localhost].[/]       : Initializing Spring embedded WebApplicationContext
2025-02-20T18:03:52.419-03:00  INFO 40210 --- [restartedMain] w.s.c.ServletWebServerApplicationContext : Root WebApplicationContext: initialization completed in 273 ms
2025-02-20T18:03:52.449-03:00  INFO 40210 --- [restartedMain] com.zaxxer.hikari.HikariDataSource       : HikariPool-8 - Starting...
2025-02-20T18:03:52.468-03:00  INFO 40210 --- [restartedMain] com.zaxxer.hikari.pool.HikariPool        : HikariPool-8 - Added connection org.postgresql.jdbc.PgConnection@13a80297
2025-02-20T18:03:52.469-03:00  INFO 40210 --- [restartedMain] com.zaxxer.hikari.HikariDataSource       : HikariPool-8 - Start completed.
2025-02-20T18:03:52.473-03:00  INFO 40210 --- [restartedMain] org.flywaydb.core.FlywayExecutor         : Database: jdbc:postgresql://localhost:5432/ezband (PostgreSQL 17.3)
2025-02-20T18:03:52.476-03:00  WARN 40210 --- [restartedMain] o.f.c.internal.database.base.Database    : Flyway upgrade recommended: PostgreSQL 17.3 is newer than this version of Flyway and support has not been tested. The latest supported version of PostgreSQL is 15.
2025-02-20T18:03:52.479-03:00  INFO 40210 --- [restartedMain] o.f.core.internal.command.DbValidate     : Successfully validated 0 migrations (execution time 00:00.002s)
2025-02-20T18:03:52.479-03:00  WARN 40210 --- [restartedMain] o.f.core.internal.command.DbValidate     : No migrations found. Are your locations set up correctly?
2025-02-20T18:03:52.499-03:00  INFO 40210 --- [restartedMain] o.f.core.internal.command.DbMigrate      : Current version of schema "public": << Empty Schema >>
2025-02-20T18:03:52.499-03:00  INFO 40210 --- [restartedMain] o.f.core.internal.command.DbMigrate      : Schema "public" is up to date. No migration necessary.
2025-02-20T18:03:52.519-03:00  INFO 40210 --- [restartedMain] o.hibernate.jpa.internal.util.LogHelper  : HHH000204: Processing PersistenceUnitInfo [name: default]
2025-02-20T18:03:52.521-03:00  INFO 40210 --- [restartedMain] o.h.c.internal.RegionFactoryInitiator    : HHH000026: Second-level cache disabled
2025-02-20T18:03:52.523-03:00  INFO 40210 --- [restartedMain] o.s.o.j.p.SpringPersistenceUnitInfo      : No LoadTimeWeaver setup: ignoring JPA class transformer
2025-02-20T18:03:52.696-03:00  INFO 40210 --- [restartedMain] o.h.e.t.j.p.i.JtaPlatformInitiator       : HHH000489: No JTA platform available (set 'hibernate.transaction.jta.platform' to enable JTA platform integration)
2025-02-20T18:03:52.821-03:00  INFO 40210 --- [restartedMain] j.LocalContainerEntityManagerFactoryBean : Initialized JPA EntityManagerFactory for persistence unit 'default'
2025-02-20T18:03:53.996-03:00  INFO 40210 --- [restartedMain] o.s.s.web.DefaultSecurityFilterChain     : Will secure any request with [org.springframework.security.web.session.DisableEncodeUrlFilter@505dab9f, org.springframework.security.web.context.request.async.WebAsyncManagerIntegrationFilter@7634a24a, org.springframework.security.web.context.SecurityContextHolderFilter@7407e012, org.springframework.security.web.header.HeaderWriterFilter@117abe2c, org.springframework.web.filter.CorsFilter@731e2738, org.springframework.security.web.authentication.logout.LogoutFilter@46ce6ef6, com.baseapplication.core.config.SecurityFilter@116238a1, org.springframework.security.web.savedrequest.RequestCacheAwareFilter@1f70a17c, org.springframework.security.web.servletapi.SecurityContextHolderAwareRequestFilter@5bbff760, org.springframework.security.web.authentication.AnonymousAuthenticationFilter@182440fe, org.springframework.security.web.session.SessionManagementFilter@65166fbc, org.springframework.security.web.access.ExceptionTranslationFilter@66c1bbbd, org.springframework.security.web.access.intercept.AuthorizationFilter@65d1c00d]
2025-02-20T18:03:54.066-03:00  INFO 40210 --- [restartedMain] o.s.b.d.a.OptionalLiveReloadServer       : LiveReload server is running on port 35729
2025-02-20T18:03:54.079-03:00  INFO 40210 --- [restartedMain] o.s.b.w.embedded.tomcat.TomcatWebServer  : Tomcat started on port 8080 (http) with context path ''
2025-02-20T18:03:54.083-03:00  INFO 40210 --- [restartedMain] com.baseapplication.BaseApplication      : Started BaseApplication in 1.953 seconds (process running for 230.251)
2025-02-20T18:03:54.085-03:00  INFO 40210 --- [restartedMain] .ConditionEvaluationDeltaLoggingListener : Condition evaluation unchanged
2025-02-20T18:03:59.308-03:00  INFO 40210 --- [RMI TCP Connection(20)-127.0.0.1] inMXBeanRegistrar$SpringApplicationAdmin : Application shutdown requested.
2025-02-20T18:03:59.315-03:00  INFO 40210 --- [RMI TCP Connection(20)-127.0.0.1] j.LocalContainerEntityManagerFactoryBean : Closing JPA EntityManagerFactory for persistence unit 'default'
2025-02-20T18:03:59.316-03:00  INFO 40210 --- [RMI TCP Connection(20)-127.0.0.1] com.zaxxer.hikari.HikariDataSource       : HikariPool-8 - Shutdown initiated...
2025-02-20T18:03:59.317-03:00  INFO 40210 --- [RMI TCP Connection(20)-127.0.0.1] com.zaxxer.hikari.HikariDataSource       : HikariPool-8 - Shutdown completed.
2025-02-20T18:04:35.940-03:00  INFO 40938 --- [main] c.baseapplication.BaseApplicationTests   : Starting BaseApplicationTests using Java 21.0.5 with PID 40938 (started by vitor in /home/vitor/Documentos/dev/projetos/EzBand/EzBand-Backend)
2025-02-20T18:04:35.942-03:00  INFO 40938 --- [main] c.baseapplication.BaseApplicationTests   : No active profile set, falling back to 1 default profile: "default"
2025-02-20T18:04:36.659-03:00  INFO 40938 --- [main] .s.d.r.c.RepositoryConfigurationDelegate : Bootstrapping Spring Data JPA repositories in DEFAULT mode.
2025-02-20T18:04:36.757-03:00  INFO 40938 --- [main] .s.d.r.c.RepositoryConfigurationDelegate : Finished Spring Data repository scanning in 93 ms. Found 10 JPA repository interfaces.
2025-02-20T18:04:37.215-03:00  INFO 40938 --- [main] com.zaxxer.hikari.HikariDataSource       : HikariPool-1 - Starting...
2025-02-20T18:04:37.380-03:00  INFO 40938 --- [main] com.zaxxer.hikari.pool.HikariPool        : HikariPool-1 - Added connection org.postgresql.jdbc.PgConnection@682e422c
2025-02-20T18:04:37.381-03:00  INFO 40938 --- [main] com.zaxxer.hikari.HikariDataSource       : HikariPool-1 - Start completed.
2025-02-20T18:04:37.461-03:00  INFO 40938 --- [main] o.f.c.internal.license.VersionPrinter    : Flyway Community Edition 9.22.3 by Redgate
2025-02-20T18:04:37.461-03:00  INFO 40938 --- [main] o.f.c.internal.license.VersionPrinter    : See release notes here: https://rd.gt/416ObMi
2025-02-20T18:04:37.461-03:00  INFO 40938 --- [main] o.f.c.internal.license.VersionPrinter    : 
2025-02-20T18:04:37.472-03:00  INFO 40938 --- [main] org.flywaydb.core.FlywayExecutor         : Database: jdbc:postgresql://localhost:5432/ezband (PostgreSQL 17.3)
2025-02-20T18:04:37.479-03:00  WARN 40938 --- [main] o.f.c.internal.database.base.Database    : Flyway upgrade recommended: PostgreSQL 17.3 is newer than this version of Flyway and support has not been tested. The latest supported version of PostgreSQL is 15.
2025-02-20T18:04:37.497-03:00  INFO 40938 --- [main] o.f.core.internal.command.DbValidate     : Successfully validated 0 migrations (execution time 00:00.009s)
2025-02-20T18:04:37.497-03:00  WARN 40938 --- [main] o.f.core.internal.command.DbValidate     : No migrations found. Are your locations set up correctly?
2025-02-20T18:04:37.515-03:00  INFO 40938 --- [main] o.f.core.internal.command.DbMigrate      : Current version of schema "public": << Empty Schema >>
2025-02-20T18:04:37.518-03:00  INFO 40938 --- [main] o.f.core.internal.command.DbMigrate      : Schema "public" is up to date. No migration necessary.
2025-02-20T18:04:37.625-03:00  INFO 40938 --- [main] o.hibernate.jpa.internal.util.LogHelper  : HHH000204: Processing PersistenceUnitInfo [name: default]
2025-02-20T18:04:37.663-03:00  INFO 40938 --- [main] org.hibernate.Version                    : HHH000412: Hibernate ORM core version 6.4.1.Final
2025-02-20T18:04:37.689-03:00  INFO 40938 --- [main] o.h.c.internal.RegionFactoryInitiator    : HHH000026: Second-level cache disabled
2025-02-20T18:04:37.844-03:00  INFO 40938 --- [main] o.s.o.j.p.SpringPersistenceUnitInfo      : No LoadTimeWeaver setup: ignoring JPA class transformer
2025-02-20T18:04:38.848-03:00  INFO 40938 --- [main] o.h.e.t.j.p.i.JtaPlatformInitiator       : HHH000489: No JTA platform available (set 'hibernate.transaction.jta.platform' to enable JTA platform integration)
2025-02-20T18:04:39.045-03:00  INFO 40938 --- [main] j.LocalContainerEntityManagerFactoryBean : Initialized JPA EntityManagerFactory for persistence unit 'default'
2025-02-20T18:04:39.302-03:00  INFO 40938 --- [main] o.s.d.j.r.query.QueryEnhancerFactory     : Hibernate is in classpath; If applicable, HQL parser will be used.
2025-02-20T18:04:41.710-03:00  INFO 40938 --- [main] o.s.s.web.DefaultSecurityFilterChain     : Will secure any request with [org.springframework.security.web.session.DisableEncodeUrlFilter@76d404ab, org.springframework.security.web.context.request.async.WebAsyncManagerIntegrationFilter@1ef64e45, org.springframework.security.web.context.SecurityContextHolderFilter@62de6b17, org.springframework.security.web.header.HeaderWriterFilter@219505d9, org.springframework.web.filter.CorsFilter@39e08d73, org.springframework.security.web.authentication.logout.LogoutFilter@705a793a, com.baseapplication.core.config.SecurityFilter@5f0c04d2, org.springframework.security.web.savedrequest.RequestCacheAwareFilter@5c2fb167, org.springframework.security.web.servletapi.SecurityContextHolderAwareRequestFilter@364f0a6f, org.springframework.security.web.authentication.AnonymousAuthenticationFilter@2236756e, org.springframework.security.web.session.SessionManagementFilter@35d9d10b, org.springframework.security.web.access.ExceptionTranslationFilter@78f9b1ec, org.springframework.security.web.access.intercept.AuthorizationFilter@323b4e2a]
2025-02-20T18:04:42.152-03:00  INFO 40938 --- [main] c.baseapplication.BaseApplicationTests   : Started BaseApplicationTests in 6.535 seconds (process running for 7.462)
2025-02-20T18:04:42.637-03:00  INFO 40938 --- [SpringApplicationShutdownHook] j.LocalContainerEntityManagerFactoryBean : Closing JPA EntityManagerFactory for persistence unit 'default'
2025-02-20T18:04:42.641-03:00  INFO 40938 --- [SpringApplicationShutdownHook] com.zaxxer.hikari.HikariDataSource       : HikariPool-1 - Shutdown initiated...
2025-02-20T18:04:42.644-03:00  INFO 40938 --- [SpringApplicationShutdownHook] com.zaxxer.hikari.HikariDataSource       : HikariPool-1 - Shutdown completed.
